0 info it worked if it ends with ok
1 verbose cli [ '/usr/bin/nodejs', '/usr/bin/npm', 'run', 'dev' ]
2 info using npm@3.5.2
3 info using node@v4.2.6
4 verbose config Skipping project config: /root/.npmrc. (matches userconfig)
5 verbose run-script [ 'predev', 'dev', 'postdev' ]
6 info lifecycle root@1.0.0~predev: root@1.0.0
7 silly lifecycle root@1.0.0~predev: no script for predev, continuing
8 info lifecycle root@1.0.0~dev: root@1.0.0
9 verbose lifecycle root@1.0.0~dev: unsafe-perm in lifecycle true
10 verbose lifecycle root@1.0.0~dev: PATH: /usr/share/npm/bin/node-gyp-bin:/root/node_modules/.bin:/usr/local/sbin:/usr/local/bin:/usr/sbin:/usr/bin:/sbin:/bin:/usr/games:/usr/local/games
11 verbose lifecycle root@1.0.0~dev: CWD: /root
12 silly lifecycle root@1.0.0~dev: Args: [ '-c', 'nodemon src/index.js' ]
13 silly lifecycle root@1.0.0~dev: Returned: code: 1  signal: null
14 info lifecycle root@1.0.0~dev: Failed to exec dev script
15 verbose stack Error: root@1.0.0 dev: `nodemon src/index.js`
15 verbose stack Exit status 1
15 verbose stack     at EventEmitter.<anonymous> (/usr/share/npm/lib/utils/lifecycle.js:232:16)
15 verbose stack     at emitTwo (events.js:87:13)
15 verbose stack     at EventEmitter.emit (events.js:172:7)
15 verbose stack     at ChildProcess.<anonymous> (/usr/share/npm/lib/utils/spawn.js:24:14)
15 verbose stack     at emitTwo (events.js:87:13)
15 verbose stack     at ChildProcess.emit (events.js:172:7)
15 verbose stack     at maybeClose (internal/child_process.js:821:16)
15 verbose stack     at Process.ChildProcess._handle.onexit (internal/child_process.js:211:5)
16 verbose pkgid root@1.0.0
17 verbose cwd /root
18 error Linux 4.15.0-96-generic
19 error argv "/usr/bin/nodejs" "/usr/bin/npm" "run" "dev"
20 error node v4.2.6
21 error npm  v3.5.2
22 error code ELIFECYCLE
23 error root@1.0.0 dev: `nodemon src/index.js`
23 error Exit status 1
24 error Failed at the root@1.0.0 dev script 'nodemon src/index.js'.
24 error Make sure you have the latest version of node.js and npm installed.
24 error If you do, this is most likely a problem with the root package,
24 error not with npm itself.
24 error Tell the author that this fails on your system:
24 error     nodemon src/index.js
24 error You can get information on how to open an issue for this project with:
24 error     npm bugs root
24 error Or if that isn't available, you can get their info via:
24 error     npm owner ls root
24 error There is likely additional logging output above.
25 verbose exit [ 1, true ]
